{"D:\\NodeJS Microservice Boilerplate\\src\\config.ts": {"path":"D:\\NodeJS Microservice Boilerplate\\src\\config.ts","statementMap":{"0":{"start":{"line":1,"column":0},"end":{"line":1,"column":43}},"1":{"start":{"line":2,"column":0},"end":{"line":2,"column":26}},"2":{"start":{"line":3,"column":22},"end":{"line":3,"column":43}},"3":{"start":{"line":5,"column":22},"end":{"line":8,"column":2}},"4":{"start":{"line":10,"column":0},"end":{"line":10,"column":29}}},"fnMap":{},"branchMap":{},"s":{"0":0,"1":0,"2":0,"3":0,"4":0},"f":{},"b":{}}
,"D:\\NodeJS Microservice Boilerplate\\src\\server.ts": {"path":"D:\\NodeJS Microservice Boilerplate\\src\\server.ts","statementMap":{"0":{"start":{"line":3,"column":0},"end":{"line":3,"column":62}},"1":{"start":{"line":4,"column":0},"end":{"line":4,"column":42}},"2":{"start":{"line":5,"column":0},"end":{"line":5,"column":37}},"3":{"start":{"line":6,"column":0},"end":{"line":6,"column":37}},"4":{"start":{"line":11,"column":14},"end":{"line":11,"column":39}},"5":{"start":{"line":12,"column":21},"end":{"line":12,"column":25}},"6":{"start":{"line":14,"column":0},"end":{"line":14,"column":27}},"7":{"start":{"line":15,"column":0},"end":{"line":15,"column":76}},"8":{"start":{"line":16,"column":0},"end":{"line":16,"column":21}},"9":{"start":{"line":21,"column":0},"end":{"line":23,"column":3}},"10":{"start":{"line":22,"column":2},"end":{"line":22,"column":51}}},"fnMap":{"0":{"name":"(anonymous_1)","decl":{"start":{"line":21,"column":17},"end":{"line":21,"column":20}},"loc":{"start":{"line":21,"column":22},"end":{"line":23,"column":1}}}},"branchMap":{},"s":{"0":0,"1":0,"2":0,"3":0,"4":0,"5":0,"6":0,"7":0,"8":0,"9":0,"10":0},"f":{"0":0},"b":{}}
,"D:\\NodeJS Microservice Boilerplate\\src\\controllers\\userController.ts": {"path":"D:\\NodeJS Microservice Boilerplate\\src\\controllers\\userController.ts","statementMap":{"0":{"start":{"line":2,"column":0},"end":{"line":2,"column":53}},"1":{"start":{"line":7,"column":26},"end":{"line":15,"column":2}},"2":{"start":{"line":7,"column":64},"end":{"line":15,"column":2}},"3":{"start":{"line":8,"column":2},"end":{"line":14,"column":null}},"4":{"start":{"line":9,"column":20},"end":{"line":9,"column":58}},"5":{"start":{"line":10,"column":4},"end":{"line":10,"column":34}},"6":{"start":{"line":12,"column":4},"end":{"line":12,"column":25}},"7":{"start":{"line":13,"column":4},"end":{"line":13,"column":59}},"8":{"start":{"line":7,"column":13},"end":{"line":7,"column":26}},"9":{"start":{"line":18,"column":27},"end":{"line":30,"column":2}},"10":{"start":{"line":18,"column":65},"end":{"line":30,"column":2}},"11":{"start":{"line":19,"column":2},"end":{"line":29,"column":null}},"12":{"start":{"line":20,"column":18},"end":{"line":20,"column":49}},"13":{"start":{"line":21,"column":4},"end":{"line":23,"column":null}},"14":{"start":{"line":22,"column":6},"end":{"line":22,"column":63}},"15":{"start":{"line":24,"column":4},"end":{"line":24,"column":32}},"16":{"start":{"line":27,"column":4},"end":{"line":27,"column":25}},"17":{"start":{"line":28,"column":4},"end":{"line":28,"column":62}},"18":{"start":{"line":18,"column":13},"end":{"line":18,"column":27}},"19":{"start":{"line":33,"column":27},"end":{"line":47,"column":2}},"20":{"start":{"line":33,"column":65},"end":{"line":47,"column":2}},"21":{"start":{"line":34,"column":2},"end":{"line":46,"column":null}},"22":{"start":{"line":36,"column":19},"end":{"line":36,"column":46}},"23":{"start":{"line":37,"column":17},"end":{"line":37,"column":54}},"24":{"start":{"line":38,"column":4},"end":{"line":42,"column":null}},"25":{"start":{"line":39,"column":6},"end":{"line":39,"column":56}},"26":{"start":{"line":41,"column":6},"end":{"line":41,"column":33}},"27":{"start":{"line":44,"column":4},"end":{"line":44,"column":25}},"28":{"start":{"line":45,"column":4},"end":{"line":45,"column":61}},"29":{"start":{"line":33,"column":13},"end":{"line":33,"column":27}},"30":{"start":{"line":53,"column":26},"end":{"line":63,"column":2}},"31":{"start":{"line":53,"column":64},"end":{"line":63,"column":2}},"32":{"start":{"line":54,"column":2},"end":{"line":62,"column":null}},"33":{"start":{"line":55,"column":19},"end":{"line":55,"column":46}},"34":{"start":{"line":56,"column":21},"end":{"line":56,"column":29}},"35":{"start":{"line":57,"column":24},"end":{"line":57,"column":70}},"36":{"start":{"line":58,"column":4},"end":{"line":58,"column":26}},"37":{"start":{"line":60,"column":4},"end":{"line":60,"column":25}},"38":{"start":{"line":61,"column":4},"end":{"line":61,"column":59}},"39":{"start":{"line":53,"column":13},"end":{"line":53,"column":26}},"40":{"start":{"line":66,"column":26},"end":{"line":75,"column":2}},"41":{"start":{"line":66,"column":64},"end":{"line":75,"column":2}},"42":{"start":{"line":67,"column":2},"end":{"line":74,"column":null}},"43":{"start":{"line":68,"column":19},"end":{"line":68,"column":46}},"44":{"start":{"line":69,"column":4},"end":{"line":69,"column":41}},"45":{"start":{"line":70,"column":4},"end":{"line":70,"column":55}},"46":{"start":{"line":72,"column":4},"end":{"line":72,"column":25}},"47":{"start":{"line":73,"column":4},"end":{"line":73,"column":59}},"48":{"start":{"line":66,"column":13},"end":{"line":66,"column":26}}},"fnMap":{"0":{"name":"(anonymous_13)","decl":{"start":{"line":7,"column":26},"end":{"line":7,"column":33}},"loc":{"start":{"line":7,"column":64},"end":{"line":15,"column":2}}},"1":{"name":"(anonymous_14)","decl":{"start":{"line":7,"column":64},"end":{"line":7,"column":null}},"loc":{"start":{"line":7,"column":64},"end":{"line":15,"column":1}}},"2":{"name":"(anonymous_15)","decl":{"start":{"line":18,"column":27},"end":{"line":18,"column":34}},"loc":{"start":{"line":18,"column":65},"end":{"line":30,"column":2}}},"3":{"name":"(anonymous_16)","decl":{"start":{"line":18,"column":65},"end":{"line":18,"column":null}},"loc":{"start":{"line":18,"column":65},"end":{"line":30,"column":1}}},"4":{"name":"(anonymous_17)","decl":{"start":{"line":33,"column":27},"end":{"line":33,"column":34}},"loc":{"start":{"line":33,"column":65},"end":{"line":47,"column":2}}},"5":{"name":"(anonymous_18)","decl":{"start":{"line":33,"column":65},"end":{"line":33,"column":null}},"loc":{"start":{"line":33,"column":65},"end":{"line":47,"column":1}}},"6":{"name":"(anonymous_19)","decl":{"start":{"line":53,"column":26},"end":{"line":53,"column":33}},"loc":{"start":{"line":53,"column":64},"end":{"line":63,"column":2}}},"7":{"name":"(anonymous_20)","decl":{"start":{"line":53,"column":64},"end":{"line":53,"column":null}},"loc":{"start":{"line":53,"column":64},"end":{"line":63,"column":1}}},"8":{"name":"(anonymous_21)","decl":{"start":{"line":66,"column":26},"end":{"line":66,"column":33}},"loc":{"start":{"line":66,"column":64},"end":{"line":75,"column":2}}},"9":{"name":"(anonymous_22)","decl":{"start":{"line":66,"column":64},"end":{"line":66,"column":null}},"loc":{"start":{"line":66,"column":64},"end":{"line":75,"column":1}}}},"branchMap":{"0":{"loc":{"start":{"line":21,"column":4},"end":{"line":23,"column":null}},"type":"if","locations":[{"start":{"line":21,"column":4},"end":{"line":23,"column":null}}]},"1":{"loc":{"start":{"line":38,"column":4},"end":{"line":42,"column":null}},"type":"if","locations":[{"start":{"line":38,"column":4},"end":{"line":42,"column":null}},{"start":{"line":40,"column":11},"end":{"line":42,"column":null}}]}},"s":{"0":0,"1":0,"2":0,"3":0,"4":0,"5":0,"6":0,"7":0,"8":0,"9":0,"10":0,"11":0,"12":0,"13":0,"14":0,"15":0,"16":0,"17":0,"18":0,"19":0,"20":0,"21":0,"22":0,"23":0,"24":0,"25":0,"26":0,"27":0,"28":0,"29":0,"30":0,"31":0,"32":0,"33":0,"34":0,"35":0,"36":0,"37":0,"38":0,"39":0,"40":0,"41":0,"42":0,"43":0,"44":0,"45":0,"46":0,"47":0,"48":0},"f":{"0":0,"1":0,"2":0,"3":0,"4":0,"5":0,"6":0,"7":0,"8":0,"9":0},"b":{"0":[0],"1":[0,0]}}
,"D:\\NodeJS Microservice Boilerplate\\src\\middleware\\userValidation.ts": {"path":"D:\\NodeJS Microservice Boilerplate\\src\\middleware\\userValidation.ts","statementMap":{"0":{"start":{"line":4,"column":41},"end":{"line":12,"column":3}},"1":{"start":{"line":5,"column":32},"end":{"line":5,"column":40}},"2":{"start":{"line":7,"column":4},"end":{"line":9,"column":null}},"3":{"start":{"line":8,"column":6},"end":{"line":8,"column":87}},"4":{"start":{"line":11,"column":4},"end":{"line":11,"column":11}},"5":{"start":{"line":4,"column":13},"end":{"line":4,"column":41}},"6":{"start":{"line":15,"column":32},"end":{"line":23,"column":3}},"7":{"start":{"line":16,"column":19},"end":{"line":16,"column":46}},"8":{"start":{"line":18,"column":4},"end":{"line":20,"column":null}},"9":{"start":{"line":19,"column":6},"end":{"line":19,"column":63}},"10":{"start":{"line":22,"column":4},"end":{"line":22,"column":11}},"11":{"start":{"line":15,"column":15},"end":{"line":15,"column":32}}},"fnMap":{"0":{"name":"(anonymous_0)","decl":{"start":{"line":4,"column":41},"end":{"line":4,"column":42}},"loc":{"start":{"line":4,"column":93},"end":{"line":12,"column":3}}},"1":{"name":"(anonymous_1)","decl":{"start":{"line":15,"column":32},"end":{"line":15,"column":33}},"loc":{"start":{"line":15,"column":84},"end":{"line":23,"column":3}}}},"branchMap":{"0":{"loc":{"start":{"line":7,"column":4},"end":{"line":9,"column":null}},"type":"if","locations":[{"start":{"line":7,"column":4},"end":{"line":9,"column":null}}]},"1":{"loc":{"start":{"line":7,"column":8},"end":{"line":7,"column":27}},"type":"binary-expr","locations":[{"start":{"line":7,"column":8},"end":{"line":7,"column":17}},{"start":{"line":7,"column":21},"end":{"line":7,"column":27}}]},"2":{"loc":{"start":{"line":18,"column":4},"end":{"line":20,"column":null}},"type":"if","locations":[{"start":{"line":18,"column":4},"end":{"line":20,"column":null}}]},"3":{"loc":{"start":{"line":18,"column":8},"end":{"line":18,"column":36}},"type":"binary-expr","locations":[{"start":{"line":18,"column":8},"end":{"line":18,"column":21}},{"start":{"line":18,"column":25},"end":{"line":18,"column":36}}]}},"s":{"0":0,"1":0,"2":0,"3":0,"4":0,"5":0,"6":0,"7":0,"8":0,"9":0,"10":0,"11":0},"f":{"0":0,"1":0},"b":{"0":[0],"1":[0,0],"2":[0],"3":[0,0]}}
,"D:\\NodeJS Microservice Boilerplate\\src\\routers\\user.route.ts": {"path":"D:\\NodeJS Microservice Boilerplate\\src\\routers\\user.route.ts","statementMap":{"0":{"start":{"line":5,"column":0},"end":{"line":5,"column":107}},"1":{"start":{"line":6,"column":0},"end":{"line":6,"column":33}},"2":{"start":{"line":7,"column":0},"end":{"line":7,"column":86}},"3":{"start":{"line":12,"column":17},"end":{"line":12,"column":25}},"4":{"start":{"line":14,"column":0},"end":{"line":14,"column":40}},"5":{"start":{"line":15,"column":0},"end":{"line":15,"column":64}},"6":{"start":{"line":16,"column":0},"end":{"line":16,"column":59}},"7":{"start":{"line":17,"column":0},"end":{"line":17,"column":45}},"8":{"start":{"line":18,"column":0},"end":{"line":18,"column":null}},"9":{"start":{"line":22,"column":0},"end":{"line":22,"column":22}}},"fnMap":{},"branchMap":{},"s":{"0":0,"1":0,"2":0,"3":0,"4":0,"5":0,"6":0,"7":0,"8":0,"9":0},"f":{},"b":{}}
,"D:\\NodeJS Microservice Boilerplate\\src\\service\\userService.ts": {"path":"D:\\NodeJS Microservice Boilerplate\\src\\service\\userService.ts","statementMap":{"0":{"start":{"line":1,"column":0},"end":{"line":1,"column":46}},"1":{"start":{"line":3,"column":15},"end":{"line":3,"column":33}},"2":{"start":{"line":6,"column":26},"end":{"line":23,"column":2}},"3":{"start":{"line":6,"column":82},"end":{"line":23,"column":2}},"4":{"start":{"line":7,"column":2},"end":{"line":22,"column":null}},"5":{"start":{"line":10,"column":20},"end":{"line":15,"column":6}},"6":{"start":{"line":17,"column":4},"end":{"line":17,"column":19}},"7":{"start":{"line":20,"column":4},"end":{"line":20,"column":25}},"8":{"start":{"line":21,"column":4},"end":{"line":21,"column":16}},"9":{"start":{"line":6,"column":13},"end":{"line":6,"column":26}},"10":{"start":{"line":26,"column":27},"end":{"line":28,"column":2}},"11":{"start":{"line":26,"column":38},"end":{"line":28,"column":2}},"12":{"start":{"line":27,"column":2},"end":{"line":27,"column":32}},"13":{"start":{"line":26,"column":13},"end":{"line":26,"column":27}},"14":{"start":{"line":31,"column":27},"end":{"line":35,"column":2}},"15":{"start":{"line":31,"column":52},"end":{"line":35,"column":2}},"16":{"start":{"line":32,"column":2},"end":{"line":34,"column":5}},"17":{"start":{"line":31,"column":13},"end":{"line":31,"column":27}},"18":{"start":{"line":38,"column":26},"end":{"line":43,"column":2}},"19":{"start":{"line":38,"column":98},"end":{"line":43,"column":2}},"20":{"start":{"line":39,"column":2},"end":{"line":42,"column":5}},"21":{"start":{"line":38,"column":13},"end":{"line":38,"column":26}},"22":{"start":{"line":47,"column":26},"end":{"line":51,"column":2}},"23":{"start":{"line":47,"column":51},"end":{"line":51,"column":2}},"24":{"start":{"line":48,"column":2},"end":{"line":50,"column":5}},"25":{"start":{"line":47,"column":13},"end":{"line":47,"column":26}}},"fnMap":{"0":{"name":"(anonymous_7)","decl":{"start":{"line":6,"column":26},"end":{"line":6,"column":33}},"loc":{"start":{"line":6,"column":82},"end":{"line":23,"column":2}}},"1":{"name":"(anonymous_8)","decl":{"start":{"line":6,"column":82},"end":{"line":6,"column":null}},"loc":{"start":{"line":6,"column":82},"end":{"line":23,"column":1}}},"2":{"name":"(anonymous_9)","decl":{"start":{"line":26,"column":27},"end":{"line":26,"column":36}},"loc":{"start":{"line":26,"column":38},"end":{"line":28,"column":2}}},"3":{"name":"(anonymous_10)","decl":{"start":{"line":26,"column":38},"end":{"line":26,"column":null}},"loc":{"start":{"line":26,"column":38},"end":{"line":28,"column":1}}},"4":{"name":"(anonymous_11)","decl":{"start":{"line":31,"column":27},"end":{"line":31,"column":34}},"loc":{"start":{"line":31,"column":52},"end":{"line":35,"column":2}}},"5":{"name":"(anonymous_12)","decl":{"start":{"line":31,"column":52},"end":{"line":31,"column":null}},"loc":{"start":{"line":31,"column":52},"end":{"line":35,"column":1}}},"6":{"name":"(anonymous_13)","decl":{"start":{"line":38,"column":26},"end":{"line":38,"column":33}},"loc":{"start":{"line":38,"column":98},"end":{"line":43,"column":2}}},"7":{"name":"(anonymous_14)","decl":{"start":{"line":38,"column":98},"end":{"line":38,"column":null}},"loc":{"start":{"line":38,"column":98},"end":{"line":43,"column":1}}},"8":{"name":"(anonymous_15)","decl":{"start":{"line":47,"column":26},"end":{"line":47,"column":33}},"loc":{"start":{"line":47,"column":51},"end":{"line":51,"column":2}}},"9":{"name":"(anonymous_16)","decl":{"start":{"line":47,"column":51},"end":{"line":47,"column":null}},"loc":{"start":{"line":47,"column":51},"end":{"line":51,"column":1}}}},"branchMap":{},"s":{"0":1,"1":1,"2":1,"3":1,"4":1,"5":1,"6":1,"7":0,"8":0,"9":1,"10":1,"11":0,"12":0,"13":1,"14":1,"15":0,"16":0,"17":1,"18":1,"19":0,"20":0,"21":1,"22":1,"23":0,"24":0,"25":1},"f":{"0":1,"1":1,"2":0,"3":0,"4":0,"5":0,"6":0,"7":0,"8":0,"9":0},"b":{}}
}
